#
# A fatal error has been detected by the Java Runtime Environment:
#
#  EXCEPTION_ACCESS_VIOLATION (0xc0000005) at pc=0x00007ffeeb2bda98, pid=1016, tid=0x000000000000517c
#
# JRE version: Java(TM) SE Runtime Environment (8.0_172-b11) (build 1.8.0_172-b11)
# Java VM: Java HotSpot(TM) 64-Bit Server VM (25.172-b11 mixed mode windows-amd64 compressed oops)
# Problematic frame:
# C  [avcodec-58.dll+0x88da98]
#
# Failed to write core dump. Minidumps are not enabled by default on client versions of Windows
#
# If you would like to submit a bug report, please visit:
#   http://bugreport.java.com/bugreport/crash.jsp
# The crash happened outside the Java Virtual Machine in native code.
# See problematic frame for where to report the bug.
#

---------------  T H R E A D  ---------------

Current thread (0x0000000019c68800):  JavaThread "Timer-0" [_thread_in_native, id=20860, stack(0x000000001cb10000,0x000000001cc10000)]

siginfo: ExceptionCode=0xc0000005, reading address 0x0000000000068060

Registers:
RAX=0x000000001a9101c0, RBX=0x0000000000000000, RCX=0x000000001a91dbc0, RDX=0x0000000000068060
RSP=0x000000001cc044e8, RBP=0x0000000000000800, RSI=0x000000000001a030, RDI=0x0000000000068060
R8 =0x0000000000000800, R9 =0x0000000000001800, R10=0x0000000000000030, R11=0x0000000000068060
R12=0x0000000000000400, R13=0x000000001cc09970, R14=0x000000000000062b, R15=0x000000001a910600
RIP=0x00007ffeeb2bda98, EFLAGS=0x0000000000010246

Top of Stack: (sp=0x000000001cc044e8)
0x000000001cc044e8:   00007ffeeaef5402 000000001a910600
0x000000001cc044f8:   000000001a91dbc0 0000000000000000
0x000000001cc04508:   0000000000000000 000000001cc045fc
0x000000001cc04518:   000000001bdf2800 000000001a911238
0x000000001cc04528:   000000001a9119f8 fffefffc000003c0
0x000000001cc04538:   fff600040000021c 0000000d00000006
0x000000001cc04548:   000000001a911cd4 000000001cc05320
0x000000001cc04558:   001e002600000006 000000000000000d
0x000000001cc04568:   0000000000002000 0000000000004000
0x000000001cc04578:   000000000001a030 000000000001a030
0x000000001cc04588:   00007ffe00000000 0000000000000008
0x000000001cc04598:   000000001cc08200 000000001cc06a90
0x000000001cc045a8:   0000000000000068 000000000001a030
0x000000001cc045b8:   000000000001a030 000000001dd7c0f8
0x000000001cc045c8:   000000001cc09970 0000000020565808
0x000000001cc045d8:   0000000020569800 0000000020569808 

Instructions: (pc=0x00007ffeeb2bda98)
0x00007ffeeb2bda78:   10 42 0f 7f 5c 09 18 4a 8d 14 42 49 83 c1 20 78
0x00007ffeeb2bda88:   c5 f3 c3 90 90 90 90 90 4f 8d 0c 40 66 0f ef e4
0x00007ffeeb2bda98:   f3 0f 7e 02 f3 42 0f 7e 0c 02 f3 42 0f 7e 14 42
0x00007ffeeb2bdaa8:   f3 42 0f 7e 1c 0a 4a 8d 14 82 66 0f 60 c4 66 0f 


Register to memory mapping:

RAX=0x000000001a9101c0 is an unknown value
RBX=0x0000000000000000 is an unknown value
RCX=0x000000001a91dbc0 is an unknown value
RDX=0x0000000000068060 is an unknown value
RSP=0x000000001cc044e8 is pointing into the stack for thread: 0x0000000019c68800
RBP=0x0000000000000800 is an unknown value
RSI=0x000000000001a030 is an unknown value
RDI=0x0000000000068060 is an unknown value
R8 =0x0000000000000800 is an unknown value
R9 =0x0000000000001800 is an unknown value
R10=0x0000000000000030 is an unknown value
R11=0x0000000000068060 is an unknown value
R12=0x0000000000000400 is an unknown value
R13=0x000000001cc09970 is pointing into the stack for thread: 0x0000000019c68800
R14=0x000000000000062b is an unknown value
R15=0x000000001a910600 is an unknown value


Stack: [0x000000001cb10000,0x000000001cc10000],  sp=0x000000001cc044e8,  free space=977k
Native frames: (J=compiled Java code, j=interpreted, Vv=VM code, C=native code)
C  [avcodec-58.dll+0x88da98]

Java frames: (J=compiled Java code, j=interpreted, Vv=VM code)
J 1107  org.bytedeco.ffmpeg.global.avcodec.avcodec_encode_video2(Lorg/bytedeco/ffmpeg/avcodec/AVCodecContext;Lorg/bytedeco/ffmpeg/avcodec/AVPacket;Lorg/bytedeco/ffmpeg/avutil/AVFrame;[I)I (0 bytes) @ 0x00000000034cc298 [0x00000000034cc200+0x98]
J 1176 C1 org.bytedeco.javacv.FFmpegFrameRecorder.recordImage(IIIIII[Ljava/nio/Buffer;)Z (1008 bytes) @ 0x000000000350ae3c [0x0000000003508e80+0x1fbc]
j  org.bytedeco.javacv.FFmpegFrameRecorder.record(Lorg/bytedeco/javacv/Frame;I)V+70
J 1158 C1 sc.util.MyRecorder$1.run()V (238 bytes) @ 0x00000000034f8fe4 [0x00000000034f79e0+0x1604]
j  java.util.TimerThread.mainLoop()V+221
j  java.util.TimerThread.run()V+1
v  ~StubRoutines::call_stub

---------------  P R O C E S S  ---------------

Java Threads: ( => current thread )
  0x0000000019c67000 JavaThread "AWT-Shutdown" [_thread_blocked, id=10972, stack(0x000000001ce10000,0x000000001cf10000)]
=>0x0000000019c68800 JavaThread "Timer-0" [_thread_in_native, id=20860, stack(0x000000001cb10000,0x000000001cc10000)]
  0x0000000019c64000 JavaThread "JavaCPP Deallocator" daemon [_thread_blocked, id=8232, stack(0x000000001a920000,0x000000001aa20000)]
  0x0000000019c65800 JavaThread "AWT-Windows" daemon [_thread_in_native, id=15568, stack(0x000000001a5f0000,0x000000001a6f0000)]
  0x0000000019c67800 JavaThread "Java2D Disposer" daemon [_thread_blocked, id=8060, stack(0x000000001a3f0000,0x000000001a4f0000)]
  0x0000000019069000 JavaThread "Service Thread" daemon [_thread_blocked, id=18168, stack(0x0000000019940000,0x0000000019a40000)]
  0x0000000018fe4000 JavaThread "C1 CompilerThread2" daemon [_thread_blocked, id=10792, stack(0x0000000019840000,0x0000000019940000)]
  0x0000000018fd7800 JavaThread "C2 CompilerThread1" daemon [_thread_blocked, id=16636, stack(0x0000000019740000,0x0000000019840000)]
  0x0000000018fd3800 JavaThread "C2 CompilerThread0" daemon [_thread_blocked, id=13196, stack(0x0000000019640000,0x0000000019740000)]
  0x0000000018fc8800 JavaThread "Monitor Ctrl-Break" daemon [_thread_in_native, id=13448, stack(0x0000000019540000,0x0000000019640000)]
  0x0000000017b8f800 JavaThread "Attach Listener" daemon [_thread_blocked, id=19732, stack(0x0000000019440000,0x0000000019540000)]
  0x0000000017b8f000 JavaThread "Signal Dispatcher" daemon [_thread_blocked, id=11064, stack(0x0000000019340000,0x0000000019440000)]
  0x00000000030ae800 JavaThread "Finalizer" daemon [_thread_blocked, id=4420, stack(0x0000000018de0000,0x0000000018ee0000)]
  0x00000000030a3800 JavaThread "Reference Handler" daemon [_thread_blocked, id=5520, stack(0x0000000018ce0000,0x0000000018de0000)]
  0x0000000002fb2800 JavaThread "main" [_thread_in_native, id=2496, stack(0x0000000002970000,0x0000000002a70000)]

Other Threads:
  0x0000000017b48800 VMThread [stack: 0x0000000018be0000,0x0000000018ce0000] [id=4872]
  0x00000000190a8000 WatcherThread [stack: 0x0000000019a40000,0x0000000019b40000] [id=7540]

VM state:not at safepoint (normal execution)

VM Mutex/Monitor currently owned by a thread: None

Heap:
 PSYoungGen      total 188928K, used 148786K [0x00000000d6100000, 0x00000000ea180000, 0x0000000100000000)
  eden space 188416K, 78% used [0x00000000d6100000,0x00000000df22c8d0,0x00000000e1900000)
  from space 512K, 25% used [0x00000000ea100000,0x00000000ea120000,0x00000000ea180000)
  to   space 1024K, 0% used [0x00000000e9f80000,0x00000000e9f80000,0x00000000ea080000)
 ParOldGen       total 107008K, used 28010K [0x0000000082200000, 0x0000000088a80000, 0x00000000d6100000)
  object space 107008K, 26% used [0x0000000082200000,0x0000000083d5ab90,0x0000000088a80000)
 Metaspace       used 10077K, capacity 10350K, committed 10496K, reserved 1058816K
  class space    used 1107K, capacity 1190K, committed 1280K, reserved 1048576K

Card table byte_map: [0x0000000012470000,0x0000000012860000] byte_map_base: 0x000000001205f000

Marking Bits: (ParMarkBitMap*) 0x000000005aad3c10
 Begin Bits: [0x0000000012f00000, 0x0000000014e78000)
 End Bits:   [0x0000000014e78000, 0x0000000016df0000)

Polling page: 0x0000000002dc0000

CodeCache: size=245760Kb used=4488Kb max_used=4491Kb free=241271Kb
 bounds [0x00000000030b0000, 0x0000000003520000, 0x00000000120b0000]
 total_blobs=1637 nmethods=1183 adapters=367
 compilation: enabled

Compilation events (10 events):
Event: 27.565 Thread 0x0000000018fe4000 1180       3       org.bytedeco.javacpp.Pointer$ProxyDeallocator::<init> (17 bytes)
Event: 27.565 Thread 0x0000000018fe4000 nmethod 1180 0x0000000003512e50 code [0x0000000003512fc0, 0x00000000035131a8]
Event: 27.565 Thread 0x0000000018fe4000 1181       3       org.bytedeco.javacpp.BytePointer::position (9 bytes)
Event: 27.565 Thread 0x0000000018fe4000 nmethod 1181 0x0000000003513250 code [0x00000000035133a0, 0x0000000003513550]
Event: 27.568 Thread 0x0000000018fe4000 1182  s    3       sun.awt.image.SurfaceManager::flush (66 bytes)
Event: 27.568 Thread 0x0000000018fe4000 nmethod 1182 0x0000000003513610 code [0x0000000003513820, 0x00000000035143f8]
Event: 28.181 Thread 0x0000000018fe4000 1183       3       org.bytedeco.javacpp.Pointer$NativeDeallocator::deallocate (41 bytes)
Event: 28.181 Thread 0x0000000018fe4000 nmethod 1183 0x0000000003514bd0 code [0x0000000003514d40, 0x0000000003514f88]
Event: 29.255 Thread 0x0000000018fe4000 1185       3       java.lang.Object::wait (6 bytes)
Event: 29.256 Thread 0x0000000018fe4000 nmethod 1185 0x0000000003515010 code [0x0000000003515180, 0x0000000003515388]

GC Heap History (10 events):
Event: 28.168 GC heap before
{Heap before GC invocations=48 (full 11):
 PSYoungGen      total 193024K, used 188180K [0x00000000d6100000, 0x00000000ea280000, 0x0000000100000000)
  eden space 192512K, 97% used [0x00000000d6100000,0x00000000e18a51f8,0x00000000e1d00000)
  from space 512K, 25% used [0x00000000ea200000,0x00000000ea220000,0x00000000ea280000)
  to   space 1024K, 0% used [0x00000000ea080000,0x00000000ea080000,0x00000000ea180000)
 ParOldGen       total 112128K, used 52315K [0x0000000082200000, 0x0000000088f80000, 0x00000000d6100000)
  object space 112128K, 46% used [0x0000000082200000,0x0000000085516ea0,0x0000000088f80000)
 Metaspace       used 10075K, capacity 10350K, committed 10496K, reserved 1058816K
  class space    used 1107K, capacity 1190K, committed 1280K, reserved 1048576K
Event: 28.172 GC heap after
Heap after GC invocations=48 (full 11):
 PSYoungGen      total 212992K, used 128K [0x00000000d6100000, 0x00000000ea280000, 0x0000000100000000)
  eden space 211968K, 0% used [0x00000000d6100000,0x00000000d6100000,0x00000000e3000000)
  from space 1024K, 12% used [0x00000000ea080000,0x00000000ea0a0000,0x00000000ea180000)
  to   space 1024K, 0% used [0x00000000ea180000,0x00000000ea180000,0x00000000ea280000)
 ParOldGen       total 112128K, used 76623K [0x0000000082200000, 0x0000000088f80000, 0x00000000d6100000)
  object space 112128K, 68% used [0x0000000082200000,0x0000000086cd3ed0,0x0000000088f80000)
 Metaspace       used 10075K, capacity 10350K, committed 10496K, reserved 1058816K
  class space    used 1107K, capacity 1190K, committed 1280K, reserved 1048576K
}
Event: 28.172 GC heap before
{Heap before GC invocations=49 (full 12):
 PSYoungGen      total 212992K, used 128K [0x00000000d6100000, 0x00000000ea280000, 0x0000000100000000)
  eden space 211968K, 0% used [0x00000000d6100000,0x00000000d6100000,0x00000000e3000000)
  from space 1024K, 12% used [0x00000000ea080000,0x00000000ea0a0000,0x00000000ea180000)
  to   space 1024K, 0% used [0x00000000ea180000,0x00000000ea180000,0x00000000ea280000)
 ParOldGen       total 112128K, used 76623K [0x0000000082200000, 0x0000000088f80000, 0x00000000d6100000)
  object space 112128K, 68% used [0x0000000082200000,0x0000000086cd3ed0,0x0000000088f80000)
 Metaspace       used 10075K, capacity 10350K, committed 10496K, reserved 1058816K
  class space    used 1107K, capacity 1190K, committed 1280K, reserved 1048576K
Event: 28.179 GC heap after
Heap after GC invocations=49 (full 12):
 PSYoungGen      total 212992K, used 0K [0x00000000d6100000, 0x00000000ea280000, 0x0000000100000000)
  eden space 211968K, 0% used [0x00000000d6100000,0x00000000d6100000,0x00000000e3000000)
  from space 1024K, 0% used [0x00000000ea080000,0x00000000ea080000,0x00000000ea180000)
  to   space 1024K, 0% used [0x00000000ea180000,0x00000000ea180000,0x00000000ea280000)
 ParOldGen       total 107008K, used 9785K [0x0000000082200000, 0x0000000088a80000, 0x00000000d6100000)
  object space 107008K, 9% used [0x0000000082200000,0x0000000082b8e760,0x0000000088a80000)
 Metaspace       used 10075K, capacity 10350K, committed 10496K, reserved 1058816K
  class space    used 1107K, capacity 1190K, committed 1280K, reserved 1048576K
}
Event: 28.981 GC heap before
{Heap before GC invocations=50 (full 12):
 PSYoungGen      total 212992K, used 208680K [0x00000000d6100000, 0x00000000ea280000, 0x0000000100000000)
  eden space 211968K, 98% used [0x00000000d6100000,0x00000000e2cca3a0,0x00000000e3000000)
  from space 1024K, 0% used [0x00000000ea080000,0x00000000ea080000,0x00000000ea180000)
  to   space 1024K, 0% used [0x00000000ea180000,0x00000000ea180000,0x00000000ea280000)
 ParOldGen       total 107008K, used 9785K [0x0000000082200000, 0x0000000088a80000, 0x00000000d6100000)
  object space 107008K, 9% used [0x0000000082200000,0x0000000082b8e760,0x0000000088a80000)
 Metaspace       used 10076K, capacity 10350K, committed 10496K, reserved 1058816K
  class space    used 1107K, capacity 1190K, committed 1280K, reserved 1048576K
Event: 28.983 GC heap after
Heap after GC invocations=50 (full 12):
 PSYoungGen      total 204288K, used 160K [0x00000000d6100000, 0x00000000ea200000, 0x0000000100000000)
  eden space 203776K, 0% used [0x00000000d6100000,0x00000000d6100000,0x00000000e2800000)
  from space 512K, 31% used [0x00000000ea180000,0x00000000ea1a8000,0x00000000ea200000)
  to   space 1024K, 0% used [0x00000000ea000000,0x00000000ea000000,0x00000000ea100000)
 ParOldGen       total 107008K, used 28010K [0x0000000082200000, 0x0000000088a80000, 0x00000000d6100000)
  object space 107008K, 26% used [0x0000000082200000,0x0000000083d5ab90,0x0000000088a80000)
 Metaspace       used 10076K, capacity 10350K, committed 10496K, reserved 1058816K
  class space    used 1107K, capacity 1190K, committed 1280K, reserved 1048576K
}
Event: 29.833 GC heap before
{Heap before GC invocations=51 (full 12):
 PSYoungGen      total 204288K, used 202605K [0x00000000d6100000, 0x00000000ea200000, 0x0000000100000000)
  eden space 203776K, 99% used [0x00000000d6100000,0x00000000e26b3470,0x00000000e2800000)
  from space 512K, 31% used [0x00000000ea180000,0x00000000ea1a8000,0x00000000ea200000)
  to   space 1024K, 0% used [0x00000000ea000000,0x00000000ea000000,0x00000000ea100000)
 ParOldGen       total 107008K, used 28010K [0x0000000082200000, 0x0000000088a80000, 0x00000000d6100000)
  object space 107008K, 26% used [0x0000000082200000,0x0000000083d5ab90,0x0000000088a80000)
 Metaspace       used 10076K, capacity 10350K, committed 10496K, reserved 1058816K
  class space    used 1107K, capacity 1190K, committed 1280K, reserved 1048576K
Event: 29.834 GC heap after
Heap after GC invocations=51 (full 12):
 PSYoungGen      total 197120K, used 160K [0x00000000d6100000, 0x00000000ea200000, 0x0000000100000000)
  eden space 196096K, 0% used [0x00000000d6100000,0x00000000d6100000,0x00000000e2080000)
  from space 1024K, 15% used [0x00000000ea000000,0x00000000ea028000,0x00000000ea100000)
  to   space 1024K, 0% used [0x00000000ea100000,0x00000000ea100000,0x00000000ea200000)
 ParOldGen       total 107008K, used 28010K [0x0000000082200000, 0x0000000088a80000, 0x00000000d6100000)
  object space 107008K, 26% used [0x0000000082200000,0x0000000083d5ab90,0x0000000088a80000)
 Metaspace       used 10076K, capacity 10350K, committed 10496K, reserved 1058816K
  class space    used 1107K, capacity 1190K, committed 1280K, reserved 1048576K
}
Event: 30.648 GC heap before
{Heap before GC invocations=52 (full 12):
 PSYoungGen      total 197120K, used 188280K [0x00000000d6100000, 0x00000000ea200000, 0x0000000100000000)
  eden space 196096K, 95% used [0x00000000d6100000,0x00000000e18b6048,0x00000000e2080000)
  from space 1024K, 15% used [0x00000000ea000000,0x00000000ea028000,0x00000000ea100000)
  to   space 1024K, 0% used [0x00000000ea100000,0x00000000ea100000,0x00000000ea200000)
 ParOldGen       total 107008K, used 28010K [0x0000000082200000, 0x0000000088a80000, 0x00000000d6100000)
  object space 107008K, 26% used [0x0000000082200000,0x0000000083d5ab90,0x0000000088a80000)
 Metaspace       used 10076K, capacity 10350K, committed 10496K, reserved 1058816K
  class space    used 1107K, capacity 1190K, committed 1280K, reserved 1048576K
Event: 30.649 GC heap after
Heap after GC invocations=52 (full 12):
 PSYoungGen      total 188928K, used 128K [0x00000000d6100000, 0x00000000ea180000, 0x0000000100000000)
  eden space 188416K, 0% used [0x00000000d6100000,0x00000000d6100000,0x00000000e1900000)
  from space 512K, 25% used [0x00000000ea100000,0x00000000ea120000,0x00000000ea180000)
  to   space 1024K, 0% used [0x00000000e9f80000,0x00000000e9f80000,0x00000000ea080000)
 ParOldGen       total 107008K, used 28010K [0x0000000082200000, 0x0000000088a80000, 0x00000000d6100000)
  object space 107008K, 26% used [0x0000000082200000,0x0000000083d5ab90,0x0000000088a80000)
 Metaspace       used 10076K, capacity 10350K, committed 10496K, reserved 1058816K
  class space    used 1107K, capacity 1190K, committed 1280K, reserved 1048576K
}

Deoptimization events (4 events):
Event: 0.821 Thread 0x0000000002fb2800 Uncommon trap: reason=unstable_if action=reinterpret pc=0x000000000326adf0 method=java.lang.String.indexOf([CII[CIII)I @ 134
Event: 0.845 Thread 0x0000000002fb2800 Uncommon trap: reason=null_check action=make_not_entrant pc=0x0000000003240e60 method=java.lang.String.equals(Ljava/lang/Object;)Z @ 8
Event: 2.336 Thread 0x0000000002fb2800 Uncommon trap: reason=unstable_if action=reinterpret pc=0x00000000032ecbc4 method=sun.misc.URLClassPath$JarLoader.getResource(Ljava/lang/String;Z)Lsun/misc/Resource; @ 15
Event: 3.026 Thread 0x0000000019c68800 Uncommon trap: reason=unstable_if action=reinterpret pc=0x000000000345b250 method=org.bytedeco.javacv.Java2DFrameConverter.flipCopyWithGamma(Ljava/nio/ByteBuffer;IILjava/nio/ByteBuffer;IIZDZI)V @ 46

Classes redefined (0 events):
No events

Internal exceptions (10 events):
Event: 0.273 Thread 0x0000000002fb2800 Exception <a 'java/security/PrivilegedActionException'> (0x00000000d62bbc58) thrown at [C:\re\workspace\8-2-build-windows-amd64-cygwin\jdk8u172\10810\hotspot\src\share\vm\prims\jvm.cpp, line 1435]
Event: 0.365 Thread 0x0000000002fb2800 Exception <a 'java/security/PrivilegedActionException'> (0x00000000d63779c8) thrown at [C:\re\workspace\8-2-build-windows-amd64-cygwin\jdk8u172\10810\hotspot\src\share\vm\prims\jvm.cpp, line 1435]
Event: 0.365 Thread 0x0000000002fb2800 Exception <a 'java/security/PrivilegedActionException'> (0x00000000d6377bd8) thrown at [C:\re\workspace\8-2-build-windows-amd64-cygwin\jdk8u172\10810\hotspot\src\share\vm\prims\jvm.cpp, line 1435]
Event: 0.365 Thread 0x0000000002fb2800 Exception <a 'java/security/PrivilegedActionException'> (0x00000000d6379ac8) thrown at [C:\re\workspace\8-2-build-windows-amd64-cygwin\jdk8u172\10810\hotspot\src\share\vm\prims\jvm.cpp, line 1435]
Event: 0.365 Thread 0x0000000002fb2800 Exception <a 'java/security/PrivilegedActionException'> (0x00000000d6379cd8) thrown at [C:\re\workspace\8-2-build-windows-amd64-cygwin\jdk8u172\10810\hotspot\src\share\vm\prims\jvm.cpp, line 1435]
Event: 0.610 Thread 0x0000000002fb2800 Exception <a 'java/io/FileNotFoundException'> (0x00000000d638f1e8) thrown at [C:\re\workspace\8-2-build-windows-amd64-cygwin\jdk8u172\10810\hotspot\src\share\vm\prims\jni.cpp, line 709]
Event: 0.639 Thread 0x0000000002fb2800 Exception <a 'java/lang/NoSuchFieldError': method resolution failed> (0x00000000d6606a30) thrown at [C:\re\workspace\8-2-build-windows-amd64-cygwin\jdk8u172\10810\hotspot\src\share\vm\prims\methodHandles.cpp, line 1167]
Event: 0.641 Thread 0x0000000002fb2800 Exception <a 'java/lang/NoSuchFieldError': method resolution failed> (0x00000000d66148a8) thrown at [C:\re\workspace\8-2-build-windows-amd64-cygwin\jdk8u172\10810\hotspot\src\share\vm\prims\methodHandles.cpp, line 1167]
Event: 0.773 Thread 0x0000000002fb2800 Exception <a 'java/io/FileNotFoundException'> (0x00000000d678da18) thrown at [C:\re\workspace\8-2-build-windows-amd64-cygwin\jdk8u172\10810\hotspot\src\share\vm\prims\jni.cpp, line 709]
Event: 0.845 Thread 0x0000000002fb2800 Implicit null exception at 0x0000000003240ca2 to 0x0000000003240e51

Events (10 events):
Event: 28.168 Executing VM operation: ParallelGCFailedAllocation
Event: 28.179 Executing VM operation: ParallelGCFailedAllocation done
Event: 28.980 Executing VM operation: ParallelGCFailedAllocation
Event: 28.983 Executing VM operation: ParallelGCFailedAllocation done
Event: 29.256 Thread 0x0000000018fe4000 flushing nmethod 0x00000000031b3550
Event: 29.256 Thread 0x0000000018fe4000 flushing nmethod 0x00000000031b3e10
Event: 29.833 Executing VM operation: ParallelGCFailedAllocation
Event: 29.834 Executing VM operation: ParallelGCFailedAllocation done
Event: 30.648 Executing VM operation: ParallelGCFailedAllocation
Event: 30.649 Executing VM operation: ParallelGCFailedAllocation done


Dynamic libraries:
0x00007ff6b2b40000 - 0x00007ff6b2b77000 	D:\jdk\bin\java.exe
0x00007fff43240000 - 0x00007fff43421000 	C:\WINDOWS\SYSTEM32\ntdll.dll
0x00007fff41d50000 - 0x00007fff41e01000 	C:\WINDOWS\System32\KERNEL32.DLL
0x00007fff3f740000 - 0x00007fff3f9b3000 	C:\WINDOWS\System32\KERNELBASE.dll
0x00007fff430c0000 - 0x00007fff43161000 	C:\WINDOWS\System32\ADVAPI32.dll
0x00007fff43170000 - 0x00007fff4320e000 	C:\WINDOWS\System32\msvcrt.dll
0x00007fff42c10000 - 0x00007fff42c6b000 	C:\WINDOWS\System32\sechost.dll
0x00007fff41e30000 - 0x00007fff41f54000 	C:\WINDOWS\System32\RPCRT4.dll
0x00007fff42230000 - 0x00007fff423c1000 	C:\WINDOWS\System32\USER32.dll
0x00007fff40560000 - 0x00007fff40580000 	C:\WINDOWS\System32\win32u.dll
0x00007fff40740000 - 0x00007fff40768000 	C:\WINDOWS\System32\GDI32.dll
0x00007fff3f9c0000 - 0x00007fff3fb51000 	C:\WINDOWS\System32\gdi32full.dll
0x00007fff3f6a0000 - 0x00007fff3f73f000 	C:\WINDOWS\System32\msvcp_win.dll
0x00007fff3fd50000 - 0x00007fff3fe48000 	C:\WINDOWS\System32\ucrtbase.dll
0x00007fff31e50000 - 0x00007fff320b9000 	C:\WINDOWS\WinSxS\amd64_microsoft.windows.common-controls_6595b64144ccf1df_6.0.17134.1184_none_d403e8b37c8ca406\COMCTL32.dll
0x00007fff423e0000 - 0x00007fff42701000 	C:\WINDOWS\System32\combase.dll
0x00007fff40630000 - 0x00007fff406a9000 	C:\WINDOWS\System32\bcryptPrimitives.dll
0x00007fff40710000 - 0x00007fff4073d000 	C:\WINDOWS\System32\IMM32.DLL
0x000000005ab60000 - 0x000000005ac32000 	D:\jdk\jre\bin\msvcr100.dll
0x000000005a2b0000 - 0x000000005ab53000 	D:\jdk\jre\bin\server\jvm.dll
0x00007fff42220000 - 0x00007fff42228000 	C:\WINDOWS\System32\PSAPI.DLL
0x00007fff3cdf0000 - 0x00007fff3ce13000 	C:\WINDOWS\SYSTEM32\WINMM.dll
0x00007fff2d0a0000 - 0x00007fff2d0a9000 	C:\WINDOWS\SYSTEM32\WSOCK32.dll
0x00007fff3a660000 - 0x00007fff3a66a000 	C:\WINDOWS\SYSTEM32\VERSION.dll
0x00007fff42ba0000 - 0x00007fff42c0c000 	C:\WINDOWS\System32\WS2_32.dll
0x00007fff3cdc0000 - 0x00007fff3cdea000 	C:\WINDOWS\SYSTEM32\WINMMBASE.dll
0x00007fff3f5f0000 - 0x00007fff3f639000 	C:\WINDOWS\System32\cfgmgr32.dll
0x000000005b6e0000 - 0x000000005b6ef000 	D:\jdk\jre\bin\verify.dll
0x000000005b6b0000 - 0x000000005b6d9000 	D:\jdk\jre\bin\java.dll
0x000000005a260000 - 0x000000005a283000 	D:\jdk\jre\bin\instrument.dll
0x000000005a290000 - 0x000000005a2a6000 	D:\jdk\jre\bin\zip.dll
0x00007fff40830000 - 0x00007fff41c75000 	C:\WINDOWS\System32\SHELL32.dll
0x00007fff40780000 - 0x00007fff40829000 	C:\WINDOWS\System32\shcore.dll
0x00007fff3fe50000 - 0x00007fff40560000 	C:\WINDOWS\System32\windows.storage.dll
0x00007fff406b0000 - 0x00007fff40701000 	C:\WINDOWS\System32\shlwapi.dll
0x00007fff3f5d0000 - 0x00007fff3f5e1000 	C:\WINDOWS\System32\kernel.appcore.dll
0x00007fff3f530000 - 0x00007fff3f54f000 	C:\WINDOWS\System32\profapi.dll
0x00007fff3f560000 - 0x00007fff3f5ac000 	C:\WINDOWS\System32\powrprof.dll
0x00007fff3f550000 - 0x00007fff3f55a000 	C:\WINDOWS\System32\FLTLIB.DLL
0x00007fff342e0000 - 0x00007fff342fa000 	D:\idea\IntelliJ IDEA 2018.1.8\bin\breakgen64.dll
0x000000005a240000 - 0x000000005a25a000 	D:\jdk\jre\bin\net.dll
0x00007fff3ed50000 - 0x00007fff3edb6000 	C:\WINDOWS\system32\mswsock.dll
0x0000000059fb0000 - 0x000000005a149000 	D:\jdk\jre\bin\awt.dll
0x00007fff41c80000 - 0x00007fff41d42000 	C:\WINDOWS\System32\OLEAUT32.dll
0x00007fff3ca60000 - 0x00007fff3caeb000 	C:\WINDOWS\SYSTEM32\apphelp.dll
0x00007fff3d750000 - 0x00007fff3d7e8000 	C:\WINDOWS\system32\uxtheme.dll
0x00007fff42040000 - 0x00007fff421b4000 	C:\WINDOWS\System32\MSCTF.dll
0x00007fff3d8d0000 - 0x00007fff3d8f9000 	C:\WINDOWS\system32\dwmapi.dll
0x00007fff427b0000 - 0x00007fff42901000 	C:\WINDOWS\System32\ole32.dll
0x00007fff2a640000 - 0x00007fff2a760000 	C:\WINDOWS\system32\opengl32.dll
0x00007fff2a300000 - 0x00007fff2a32c000 	C:\WINDOWS\SYSTEM32\GLU32.dll
0x000000005a220000 - 0x000000005a231000 	D:\jdk\jre\bin\nio.dll
0x00007fff1da00000 - 0x00007fff1db57000 	C:\Users\dell\.javacpp\cache\ffmpeg-4.2.1-1.5.2-windows-x86_64.jar\org\bytedeco\ffmpeg\windows-x86_64\avutil-56.dll
0x00007fff3f090000 - 0x00007fff3f0b5000 	C:\WINDOWS\SYSTEM32\bcrypt.dll
0x000000006fe00000 - 0x000000006feaa000 	C:\Users\dell\.javacpp\cache\ffmpeg-4.2.1-1.5.2-windows-x86_64.jar\org\bytedeco\ffmpeg\windows-x86_64\jniavutil.dll
0x00007fff21560000 - 0x00007fff21587000 	C:\Users\dell\.javacpp\cache\ffmpeg-4.2.1-1.5.2-windows-x86_64.jar\org\bytedeco\ffmpeg\windows-x86_64\swresample-3.dll
0x0000000070080000 - 0x00000000700ae000 	C:\Users\dell\.javacpp\cache\ffmpeg-4.2.1-1.5.2-windows-x86_64.jar\org\bytedeco\ffmpeg\windows-x86_64\jniswresample.dll
0x00007ffeeaa30000 - 0x00007ffeedc0e000 	C:\Users\dell\.javacpp\cache\ffmpeg-4.2.1-1.5.2-windows-x86_64.jar\org\bytedeco\ffmpeg\windows-x86_64\avcodec-58.dll
0x000000006a1c0000 - 0x000000006a2a7000 	C:\Users\dell\.javacpp\cache\ffmpeg-4.2.1-1.5.2-windows-x86_64.jar\org\bytedeco\ffmpeg\windows-x86_64\jniavcodec.dll
0x00007fff0a860000 - 0x00007fff0ada3000 	C:\Users\dell\.javacpp\cache\ffmpeg-4.2.1-1.5.2-windows-x86_64.jar\org\bytedeco\ffmpeg\windows-x86_64\avformat-58.dll
0x00007fff3fb60000 - 0x00007fff3fd42000 	C:\WINDOWS\System32\CRYPT32.dll
0x00007fff3f5b0000 - 0x00007fff3f5c2000 	C:\WINDOWS\System32\MSASN1.dll
0x000000006abc0000 - 0x000000006ac83000 	C:\Users\dell\.javacpp\cache\ffmpeg-4.2.1-1.5.2-windows-x86_64.jar\org\bytedeco\ffmpeg\windows-x86_64\jniavformat.dll
0x00007fff1d960000 - 0x00007fff1d9f7000 	C:\Users\dell\.javacpp\cache\ffmpeg-4.2.1-1.5.2-windows-x86_64.jar\org\bytedeco\ffmpeg\windows-x86_64\swscale-5.dll
0x0000000067cc0000 - 0x0000000067cf3000 	C:\Users\dell\.javacpp\cache\ffmpeg-4.2.1-1.5.2-windows-x86_64.jar\org\bytedeco\ffmpeg\windows-x86_64\jniswscale.dll
0x00007fff21530000 - 0x00007fff2155a000 	C:\Users\dell\.javacpp\cache\ffmpeg-4.2.1-1.5.2-windows-x86_64.jar\org\bytedeco\ffmpeg\windows-x86_64\postproc-55.dll
0x000000006a0c0000 - 0x000000006a0ed000 	C:\Users\dell\.javacpp\cache\ffmpeg-4.2.1-1.5.2-windows-x86_64.jar\org\bytedeco\ffmpeg\windows-x86_64\jnipostproc.dll
0x00007fff0fc70000 - 0x00007fff1005f000 	C:\Users\dell\.javacpp\cache\ffmpeg-4.2.1-1.5.2-windows-x86_64.jar\org\bytedeco\ffmpeg\windows-x86_64\avfilter-7.dll
0x0000000064400000 - 0x0000000064459000 	C:\Users\dell\.javacpp\cache\ffmpeg-4.2.1-1.5.2-windows-x86_64.jar\org\bytedeco\ffmpeg\windows-x86_64\jniavfilter.dll
0x00007fff1ef80000 - 0x00007fff1efac000 	C:\Users\dell\.javacpp\cache\ffmpeg-4.2.1-1.5.2-windows-x86_64.jar\org\bytedeco\ffmpeg\windows-x86_64\avdevice-58.dll
0x00007fff278e0000 - 0x00007fff278f8000 	C:\WINDOWS\SYSTEM32\AVICAP32.dll
0x00007fff1e5c0000 - 0x00007fff1e5e9000 	C:\WINDOWS\SYSTEM32\MSVFW32.dll
0x000000001a510000 - 0x000000001a543000 	C:\Users\dell\.javacpp\cache\ffmpeg-4.2.1-1.5.2-windows-x86_64.jar\org\bytedeco\ffmpeg\windows-x86_64\jniavdevice.dll
0x000000005a1f0000 - 0x000000005a21a000 	D:\jdk\jre\bin\dcpr.dll
0x00007fff3df00000 - 0x00007fff3e0c9000 	C:\WINDOWS\SYSTEM32\dbghelp.dll

VM Arguments:
jvm_args: -javaagent:D:\idea\IntelliJ IDEA 2018.1.8\lib\idea_rt.jar=53923:D:\idea\IntelliJ IDEA 2018.1.8\bin -Dfile.encoding=UTF-8 
java_command: sc.client.Client
java_class_path (initial): D:\jdk\jre\lib\charsets.jar;D:\jdk\jre\lib\deploy.jar;D:\jdk\jre\lib\ext\access-bridge-64.jar;D:\jdk\jre\lib\ext\cldrdata.jar;D:\jdk\jre\lib\ext\dnsns.jar;D:\jdk\jre\lib\ext\jaccess.jar;D:\jdk\jre\lib\ext\jfxrt.jar;D:\jdk\jre\lib\ext\localedata.jar;D:\jdk\jre\lib\ext\nashorn.jar;D:\jdk\jre\lib\ext\sunec.jar;D:\jdk\jre\lib\ext\sunjce_provider.jar;D:\jdk\jre\lib\ext\sunmscapi.jar;D:\jdk\jre\lib\ext\sunpkcs11.jar;D:\jdk\jre\lib\ext\zipfs.jar;D:\jdk\jre\lib\javaws.jar;D:\jdk\jre\lib\jce.jar;D:\jdk\jre\lib\jfr.jar;D:\jdk\jre\lib\jfxswt.jar;D:\jdk\jre\lib\jsse.jar;D:\jdk\jre\lib\management-agent.jar;D:\jdk\jre\lib\plugin.jar;D:\jdk\jre\lib\resources.jar;D:\jdk\jre\lib\rt.jar;D:\ideaProjects\Casey-duyi-1.3\ScreenCapturer\out\production\Casey-duyi-1.3;D:\ideaProjects\Casey-duyi-1.3\javaCV“¿¿µ\ffmpeg-4.2.1-1.5.2-windows-x86.jar;D:\ideaProjects\Casey-duyi-1.3\javaCV“¿¿µ\ffmpeg-4.2.1-1.5.2-windows-x86_64.jar;D:\ideaProjects\Casey-duyi-1.3\javaCV“¿¿µ\ffmpeg-4.2.1-1.5.2.jar;D:\ideaProjects\Casey-duyi-1.3\javaCV“¿¿µ\javacpp-1.5.2.jar;D:\ideaProjects\Casey-duyi-1.3\javaCV“¿¿µ\javacv-1.5.2.jar;D:\idea\IntelliJ IDEA 2018.1.8\lib\idea_rt.jar
Launcher Type: SUN_STANDARD

Environment Variables:
JAVA_HOME=D:\jdk
PATH=C:\Program Files (x86)\Common Files\Oracle\Java\javapath;D:\jdk\bin;D:\jdk\jre\bin;C:\Program Files (x86)\Intel\iCLS Client\;C:\Program Files\Intel\iCLS Client\;C:\Windows\system32;C:\Windows;C:\Windows\System32\Wbem;C:\Windows\System32\WindowsPowerShell\v1.0\;C:\Program Files (x86)\Intel\Intel(R) Management Engine Components\DAL;C:\Program Files\Intel\Intel(R) Management Engine Components\DAL;C:\Program Files (x86)\Intel\Intel(R) Management Engine Components\IPT;C:\Program Files\Intel\Intel(R) Management Engine Components\IPT;C:\Program Files (x86)\NVIDIA Corporation\PhysX\Common;F:\N\svn\bin;C:\Program Files\MySQL\MySQL Server 5.5\bin;C:\WINDOWS\system32;C:\WINDOWS;C:\WINDOWS\System32\Wbem;C:\WINDOWS\System32\WindowsPowerShell\v1.0\;C:\WINDOWS\System32\OpenSSH\;D:\Git\cmd;D:\Git\bin;D:\maven\apache-maven-3.6.2\bin;C:\Program Files\Intel\WiFi\bin\;C:\Program Files\Common Files\Intel\WirelessCommon\;D:\nodejs\;C:\Users\dell\AppData\Local\Microsoft\WindowsApps;C:\Users\dell\AppData\Roaming\npm
USERNAME=dell
OS=Windows_NT
PROCESSOR_IDENTIFIER=Intel64 Family 6 Model 158 Stepping 9, GenuineIntel



---------------  S Y S T E M  ---------------

OS: Windows 10.0 , 64 bit Build 17134 (10.0.17134.753)

CPU:total 4 (initial active 4) (4 cores per cpu, 1 threads per core) family 6 model 158 stepping 9, cmov, cx8, fxsr, mmx, sse, sse2, sse3, ssse3, sse4.1, sse4.2, popcnt, avx, avx2, aes, clmul, erms, 3dnowpref, lzcnt, tsc, tscinvbit, bmi1, bmi2, adx

Memory: 4k page, physical 8247448k(2922136k free), swap 13053892k(4651428k free)

vm_info: Java HotSpot(TM) 64-Bit Server VM (25.172-b11) for windows-amd64 JRE (1.8.0_172-b11), built on Mar 28 2018 21:21:52 by "java_re" with MS VC++ 10.0 (VS2010)

time: Fri Jan 03 23:49:28 2020
elapsed time: 31 seconds (0d 0h 0m 31s)

